<?xml version="1.0" encoding="UTF-8"?>
<!-- Generated by org.testng.reporters.JUnitReportReporter -->
<testsuite hostname="DESKTOP-HHC32N0" failures="0" tests="2" name="com.resonance.travel_Test.Travel" time="111.175" errors="0" timestamp="2022-09-16T17:35:14 IST" skipped="0">
  <testcase classname="com.resonance.travel_Test.Travel" name="verifysearchResultForShoes" time="65.129"/>
  <system-out/>
  <testcase classname="com.resonance.travel_Test.Travel" name="verifyErrorOnSelectingSameCitiesAsSourceAndDestination" time="46.046"/>
  <system-out/>
</testsuite> <!-- com.resonance.travel_Test.Travel -->
