<?xml version="1.0" encoding="UTF-8"?>
<!-- Generated by org.testng.reporters.JUnitReportReporter -->
<testsuite hostname="DESKTOP-HHC32N0" failures="0" tests="1" name="TestCase_Flipkart.flipkart_travelTestCase" time="62.422" errors="0" timestamp="2022-09-15T17:48:11 IST" skipped="0">
  <testcase classname="TestCase_Flipkart.flipkart_travelTestCase" name="m1" time="62.422"/>
  <system-out/>
</testsuite> <!-- TestCase_Flipkart.flipkart_travelTestCase -->
